<?xml version="1.0" encoding="UTF-8"?>
<!-- Generated by org.testng.reporters.JUnitXMLReporter -->
<testsuite hostname="LAPTOP-ADF0UDSS" ignored="0" name="Regression Test" tests="5" failures="0" timestamp="2022-12-12T23:09:53 GMT" time="53.217" errors="0">
  <testcase name="verifyUserShouldNavigateToPageSuccessfullyFromTopMenuTabClick" time="0.55" classname="com.nopcommerce.demo.testsuite.TopMenuTest"/>
  <testcase name="verifyProductAddedToShoppingCartSuccessFully" time="12.549" classname="com.nopcommerce.demo.testsuite.DesktopPageTest"/>
  <testcase name="verifyProductArrangeInAlphabeticalOrder" time="1.272" classname="com.nopcommerce.demo.testsuite.DesktopPageTest"/>
  <testcase name="verifyThatTheProductAddedSuccessfullyAndPlaceOrderSuccessfully" time="17.568" classname="com.nopcommerce.demo.testsuite.CellPhonesPageTest"/>
  <testcase name="verifyUserShouldNavigateToCellPhonesPageSuccessfully" time="1.222" classname="com.nopcommerce.demo.testsuite.CellPhonesPageTest"/>
</testsuite> <!-- Regression Test -->
