<?xml version="1.0" encoding="UTF-8"?>
<testsuite name="Regression Test"
           tests="2"
           failures="0"
           errors="0"
           skipped="0"
           time="13.821">
  <properties />
  
  
            <testcase name="verifyProductArrangeInAlphabeticalOrder" time="1.272" classname="com.nopcommerce.demo.testsuite.DesktopPageTest" />
                <testcase name="verifyProductAddedToShoppingCartSuccessFully" time="12.549" classname="com.nopcommerce.demo.testsuite.DesktopPageTest" />
      
</testsuite>
