<?xml version="1.0" encoding="UTF-8"?>
<testsuite name="Regression Test"
           tests="2"
           failures="0"
           errors="0"
           skipped="0"
           time="18.790">
  <properties />
  
  
            <testcase name="verifyUserShouldNavigateToCellPhonesPageSuccessfully" time="1.222" classname="com.nopcommerce.demo.testsuite.CellPhonesPageTest" />
                <testcase name="verifyThatTheProductAddedSuccessfullyAndPlaceOrderSuccessfully" time="17.568" classname="com.nopcommerce.demo.testsuite.CellPhonesPageTest" />
      
</testsuite>
